#
# There is insufficient memory for the Java Runtime Environment to continue.
# Native memory allocation (malloc) failed to allocate 954816 bytes for Chunk::new
# Possible reasons:
#   The system is out of physical RAM or swap space
#   The process is running with CompressedOops enabled, and the Java Heap may be blocking the growth of the native heap
# Possible solutions:
#   Reduce memory load on the system
#   Increase physical memory or swap space
#   Check if swap backing store is full
#   Decrease Java heap size (-Xmx/-Xms)
#   Decrease number of Java threads
#   Decrease Java thread stack sizes (-Xss)
#   Set larger code cache with -XX:ReservedCodeCacheSize=
#   JVM is running with Unscaled Compressed Oops mode in which the Java heap is
#     placed in the first 4GB address space. The Java Heap base address is the
#     maximum limit for the native heap growth. Please use -XX:HeapBaseMinAddress
#     to set the Java Heap base and to place the Java Heap above 4GB virtual address.
# This output file may be truncated or incomplete.
#
#  Out of Memory Error (arena.cpp:168), pid=22328, tid=11708
#
# JRE version: Java(TM) SE Runtime Environment (21.0.5+9) (build 21.0.5+9-LTS-239)
# Java VM: Java HotSpot(TM) 64-Bit Server VM (21.0.5+9-LTS-239, mixed mode, sharing, tiered, compressed oops, compressed class ptrs, g1 gc, windows-amd64)
# No core dump will be written. Minidumps are not enabled by default on client versions of Windows
#

---------------  S U M M A R Y ------------

Command Line: --add-opens=java.base/java.util=ALL-UNNAMED --add-opens=java.base/java.lang=ALL-UNNAMED --add-opens=java.base/java.lang.invoke=ALL-UNNAMED --add-opens=java.prefs/java.util.prefs=ALL-UNNAMED --add-exports=jdk.compiler/com.sun.tools.javac.api=ALL-UNNAMED --add-exports=jdk.compiler/com.sun.tools.javac.util=ALL-UNNAMED --add-opens=java.base/java.nio.charset=ALL-UNNAMED --add-opens=java.base/java.net=ALL-UNNAMED --add-opens=java.base/java.util.concurrent.atomic=ALL-UNNAMED -Xmx1G -Dfile.encoding=GBK -Duser.country=CN -Duser.language=zh -Duser.variant -javaagent:D:\.gradle\wrapper\dists\gradle-8.10-bin\deqhafrv1ntovfmgh0nh3npr9\gradle-8.10\lib\agents\gradle-instrumentation-agent-8.10.jar org.gradle.launcher.daemon.bootstrap.GradleDaemon 8.10

Host: AMD Ryzen 5 5500U with Radeon Graphics         , 12 cores, 15G,  Windows 11 , 64 bit Build 22621 (10.0.22621.5415)
Time: Sun Nov  2 20:50:40 2025  Windows 11 , 64 bit Build 22621 (10.0.22621.5415) elapsed time: 8819.829460 seconds (0d 2h 26m 59s)

---------------  T H R E A D  ---------------

Current thread (0x000001b37f75fd40):  JavaThread "C2 CompilerThread0" daemon [_thread_in_native, id=11708, stack(0x0000000ec6e00000,0x0000000ec6f00000) (1024K)]


Current CompileTask:
C2:8819830 6422       4       java.util.regex.Pattern::split (325 bytes)

Stack: [0x0000000ec6e00000,0x0000000ec6f00000]
Native frames: (J=compiled Java code, j=interpreted, Vv=VM code, C=native code)
V  [jvm.dll+0x6ca289]
V  [jvm.dll+0x854a51]
V  [jvm.dll+0x856f7e]
V  [jvm.dll+0x857653]
V  [jvm.dll+0x27dd26]
V  [jvm.dll+0xc4c2d]
V  [jvm.dll+0xc5163]
V  [jvm.dll+0x3b4d3c]
V  [jvm.dll+0x3814b5]
V  [jvm.dll+0x38092a]
V  [jvm.dll+0x246910]
V  [jvm.dll+0x245eef]
V  [jvm.dll+0x1c6d0e]
V  [jvm.dll+0x2554d9]
V  [jvm.dll+0x253a6a]
V  [jvm.dll+0x3ee136]
V  [jvm.dll+0x7fee9b]
V  [jvm.dll+0x6c896d]
C  [ucrtbase.dll+0x29333]
C  [KERNEL32.DLL+0x1259d]
C  [ntdll.dll+0x5af78]


---------------  P R O C E S S  ---------------

Threads class SMR info:
_java_thread_list=0x000001b34af1db60, length=42, elements={
0x000001b365cda090, 0x000001b37f7580a0, 0x000001b37f758860, 0x000001b37f75a620,
0x000001b37f75d2b0, 0x000001b37f75e090, 0x000001b37f75eae0, 0x000001b37f75fd40,
0x000001b37f769ff0, 0x000001b37f82f420, 0x000001b37fa539a0, 0x000001b348668280,
0x000001b3487f7110, 0x000001b348a2b8c0, 0x000001b348031e60, 0x000001b348034c50,
0x000001b348032b80, 0x000001b348fd74d0, 0x000001b348fd39c0, 0x000001b348fd1260,
0x000001b348fd7b60, 0x000001b348fd81f0, 0x000001b348fd5a90, 0x000001b348fd2ca0,
0x000001b348fd18f0, 0x000001b348fd3330, 0x000001b348fd46e0, 0x000001b348fd4050,
0x000001b348fd2610, 0x000001b348fd4d70, 0x000001b348fd6e40, 0x000001b348033210,
0x000001b3480338a0, 0x000001b3480352e0, 0x000001b347bd8590, 0x000001b347bd9fd0,
0x000001b347bd7870, 0x000001b347bde170, 0x000001b347bd8c20, 0x000001b347bd7f00,
0x000001b37f76b460, 0x000001b37f76c8d0
}

Java Threads: ( => current thread )
  0x000001b365cda090 JavaThread "main"                              [_thread_blocked, id=12856, stack(0x0000000ec6000000,0x0000000ec6100000) (1024K)]
  0x000001b37f7580a0 JavaThread "Reference Handler"          daemon [_thread_blocked, id=20456, stack(0x0000000ec6800000,0x0000000ec6900000) (1024K)]
  0x000001b37f758860 JavaThread "Finalizer"                  daemon [_thread_blocked, id=9504, stack(0x0000000ec6900000,0x0000000ec6a00000) (1024K)]
  0x000001b37f75a620 JavaThread "Signal Dispatcher"          daemon [_thread_blocked, id=308, stack(0x0000000ec6a00000,0x0000000ec6b00000) (1024K)]
  0x000001b37f75d2b0 JavaThread "Attach Listener"            daemon [_thread_blocked, id=23728, stack(0x0000000ec6b00000,0x0000000ec6c00000) (1024K)]
  0x000001b37f75e090 JavaThread "Service Thread"             daemon [_thread_blocked, id=17300, stack(0x0000000ec6c00000,0x0000000ec6d00000) (1024K)]
  0x000001b37f75eae0 JavaThread "Monitor Deflation Thread"   daemon [_thread_blocked, id=21544, stack(0x0000000ec6d00000,0x0000000ec6e00000) (1024K)]
=>0x000001b37f75fd40 JavaThread "C2 CompilerThread0"         daemon [_thread_in_native, id=11708, stack(0x0000000ec6e00000,0x0000000ec6f00000) (1024K)]
  0x000001b37f769ff0 JavaThread "C1 CompilerThread0"         daemon [_thread_blocked, id=18456, stack(0x0000000ec6f00000,0x0000000ec7000000) (1024K)]
  0x000001b37f82f420 JavaThread "Common-Cleaner"             daemon [_thread_blocked, id=13396, stack(0x0000000ec7000000,0x0000000ec7100000) (1024K)]
  0x000001b37fa539a0 JavaThread "Notification Thread"        daemon [_thread_blocked, id=7372, stack(0x0000000ec7100000,0x0000000ec7200000) (1024K)]
  0x000001b348668280 JavaThread "Daemon health stats"               [_thread_blocked, id=12276, stack(0x0000000ec7600000,0x0000000ec7700000) (1024K)]
  0x000001b3487f7110 JavaThread "Incoming local TCP Connector on port 58184"        [_thread_in_native, id=23116, stack(0x0000000ec7b00000,0x0000000ec7c00000) (1024K)]
  0x000001b348a2b8c0 JavaThread "Daemon periodic checks"            [_thread_blocked, id=13972, stack(0x0000000ec7c00000,0x0000000ec7d00000) (1024K)]
  0x000001b348031e60 JavaThread "Cache worker for journal cache (D:\.gradle\caches\journal-1)"        [_thread_blocked, id=24832, stack(0x0000000ec8400000,0x0000000ec8500000) (1024K)]
  0x000001b348034c50 JavaThread "File lock request listener"        [_thread_in_native, id=304, stack(0x0000000ec8500000,0x0000000ec8600000) (1024K)]
  0x000001b348032b80 JavaThread "Cache worker for file hash cache (D:\.gradle\caches\8.10\fileHashes)"        [_thread_blocked, id=20928, stack(0x0000000ec8600000,0x0000000ec8700000) (1024K)]
  0x000001b348fd74d0 JavaThread "File watcher server"        daemon [_thread_in_native, id=19276, stack(0x0000000ec8f00000,0x0000000ec9000000) (1024K)]
  0x000001b348fd39c0 JavaThread "File watcher consumer"      daemon [_thread_blocked, id=24364, stack(0x0000000ec9000000,0x0000000ec9100000) (1024K)]
  0x000001b348fd1260 JavaThread "Cache worker for file content cache (D:\.gradle\caches\8.10\fileContent)"        [_thread_blocked, id=11612, stack(0x0000000ec9200000,0x0000000ec9300000) (1024K)]
  0x000001b348fd7b60 JavaThread "jar transforms"                    [_thread_blocked, id=12596, stack(0x0000000ec9500000,0x0000000ec9600000) (1024K)]
  0x000001b348fd81f0 JavaThread "jar transforms Thread 2"           [_thread_blocked, id=10472, stack(0x0000000ec9600000,0x0000000ec9700000) (1024K)]
  0x000001b348fd5a90 JavaThread "jar transforms Thread 3"           [_thread_blocked, id=25092, stack(0x0000000ec9700000,0x0000000ec9800000) (1024K)]
  0x000001b348fd2ca0 JavaThread "jar transforms Thread 4"           [_thread_blocked, id=24404, stack(0x0000000ec9800000,0x0000000ec9900000) (1024K)]
  0x000001b348fd18f0 JavaThread "jar transforms Thread 5"           [_thread_blocked, id=20272, stack(0x0000000ec9900000,0x0000000ec9a00000) (1024K)]
  0x000001b348fd3330 JavaThread "jar transforms Thread 6"           [_thread_blocked, id=17680, stack(0x0000000ec9a00000,0x0000000ec9b00000) (1024K)]
  0x000001b348fd46e0 JavaThread "Daemon Thread 2"                   [_thread_blocked, id=23204, stack(0x0000000ec5d00000,0x0000000ec5e00000) (1024K)]
  0x000001b348fd4050 JavaThread "Handler for socket connection from /127.0.0.1:58184 to /127.0.0.1:59963"        [_thread_in_native, id=22876, stack(0x0000000ec5e00000,0x0000000ec5f00000) (1024K)]
  0x000001b348fd2610 JavaThread "Cancel handler"                    [_thread_blocked, id=20016, stack(0x0000000ec5f00000,0x0000000ec6000000) (1024K)]
  0x000001b348fd4d70 JavaThread "Daemon worker Thread 2"            [_thread_in_vm, id=19412, stack(0x0000000ec7d00000,0x0000000ec7e00000) (1024K)]
  0x000001b348fd6e40 JavaThread "Asynchronous log dispatcher for DefaultDaemonConnection: socket connection from /127.0.0.1:58184 to /127.0.0.1:59963"        [_thread_blocked, id=20648, stack(0x0000000ec7e00000,0x0000000ec7f00000) (1024K)]
  0x000001b348033210 JavaThread "Stdin handler"                     [_thread_blocked, id=19988, stack(0x0000000ec7f00000,0x0000000ec8000000) (1024K)]
  0x000001b3480338a0 JavaThread "Daemon client event forwarder"        [_thread_blocked, id=23748, stack(0x0000000ec8000000,0x0000000ec8100000) (1024K)]
  0x000001b3480352e0 JavaThread "Daemon Thread 3"                   [_thread_blocked, id=23828, stack(0x0000000ec8100000,0x0000000ec8200000) (1024K)]
  0x000001b347bd8590 JavaThread "Cache worker for file hash cache (D:\projects\GTTCore\.gradle\8.10\fileHashes)"        [_thread_blocked, id=20916, stack(0x0000000ec8300000,0x0000000ec8400000) (1024K)]
  0x000001b347bd9fd0 JavaThread "Cache worker for Build Output Cleanup Cache (D:\projects\GTTCore\.gradle\buildOutputCleanup)"        [_thread_blocked, id=20476, stack(0x0000000ec8700000,0x0000000ec8800000) (1024K)]
  0x000001b347bd7870 JavaThread "Cache worker for checksums cache (D:\projects\GTTCore\.gradle\8.10\checksums)"        [_thread_blocked, id=24088, stack(0x0000000ec8200000,0x0000000ec8300000) (1024K)]
  0x000001b347bde170 JavaThread "Cache worker for cache directory md-rule (D:\.gradle\caches\8.10\md-rule)"        [_thread_blocked, id=14592, stack(0x0000000ec8800000,0x0000000ec8900000) (1024K)]
  0x000001b347bd8c20 JavaThread "Cache worker for cache directory md-supplier (D:\.gradle\caches\8.10\md-supplier)"        [_thread_blocked, id=8792, stack(0x0000000ec8c00000,0x0000000ec8d00000) (1024K)]
  0x000001b347bd7f00 JavaThread "jar transforms Thread 7"           [_thread_blocked, id=20536, stack(0x0000000ec8d00000,0x0000000ec8e00000) (1024K)]
  0x000001b37f76b460 JavaThread "C2 CompilerThread1"         daemon [_thread_blocked, id=5448, stack(0x0000000ec8e00000,0x0000000ec8f00000) (1024K)]
  0x000001b37f76c8d0 JavaThread "C2 CompilerThread2"         daemon [_thread_in_native, id=18048, stack(0x0000000ec9100000,0x0000000ec9200000) (1024K)]
Total: 42

Other Threads:
  0x000001b37f73bcf0 VMThread "VM Thread"                           [id=20568, stack(0x0000000ec6700000,0x0000000ec6800000) (1024K)]
  0x000001b37f7266c0 WatcherThread "VM Periodic Task Thread"        [id=5400, stack(0x0000000ec6600000,0x0000000ec6700000) (1024K)]
  0x000001b365d13eb0 WorkerThread "GC Thread#0"                     [id=11528, stack(0x0000000ec6100000,0x0000000ec6200000) (1024K)]
  0x000001b347229d00 WorkerThread "GC Thread#1"                     [id=7988, stack(0x0000000ec7200000,0x0000000ec7300000) (1024K)]
  0x000001b34722a0a0 WorkerThread "GC Thread#2"                     [id=3324, stack(0x0000000ec7300000,0x0000000ec7400000) (1024K)]
  0x000001b34722a440 WorkerThread "GC Thread#3"                     [id=8636, stack(0x0000000ec7400000,0x0000000ec7500000) (1024K)]
  0x000001b347664830 WorkerThread "GC Thread#4"                     [id=10796, stack(0x0000000ec7500000,0x0000000ec7600000) (1024K)]
  0x000001b3487dfd00 WorkerThread "GC Thread#5"                     [id=644, stack(0x0000000ec7700000,0x0000000ec7800000) (1024K)]
  0x000001b34738d800 WorkerThread "GC Thread#6"                     [id=22848, stack(0x0000000ec7800000,0x0000000ec7900000) (1024K)]
  0x000001b3487a2840 WorkerThread "GC Thread#7"                     [id=19888, stack(0x0000000ec7900000,0x0000000ec7a00000) (1024K)]
  0x000001b3487fce70 WorkerThread "GC Thread#8"                     [id=11200, stack(0x0000000ec7a00000,0x0000000ec7b00000) (1024K)]
  0x000001b34b6ec650 WorkerThread "GC Thread#9"                     [id=10484, stack(0x0000000ec8900000,0x0000000ec8a00000) (1024K)]
  0x000001b365d1cda0 ConcurrentGCThread "G1 Main Marker"            [id=5772, stack(0x0000000ec6200000,0x0000000ec6300000) (1024K)]
  0x000001b365d1d960 WorkerThread "G1 Conc#0"                       [id=660, stack(0x0000000ec6300000,0x0000000ec6400000) (1024K)]
  0x000001b34b6e9390 WorkerThread "G1 Conc#1"                       [id=7016, stack(0x0000000ec8a00000,0x0000000ec8b00000) (1024K)]
  0x000001b34b6eb090 WorkerThread "G1 Conc#2"                       [id=11692, stack(0x0000000ec8b00000,0x0000000ec8c00000) (1024K)]
  0x000001b365d9e840 ConcurrentGCThread "G1 Refine#0"               [id=1008, stack(0x0000000ec6400000,0x0000000ec6500000) (1024K)]
  0x000001b37f5fea40 ConcurrentGCThread "G1 Service"                [id=13424, stack(0x0000000ec6500000,0x0000000ec6600000) (1024K)]
Total: 18

Threads with active compile tasks:
C2 CompilerThread0  8819870 6422       4       java.util.regex.Pattern::split (325 bytes)
C2 CompilerThread2  8819870 6478   !   4       java.lang.String::<init> (890 bytes)
Total: 2

VM state: not at safepoint (normal execution)

VM Mutex/Monitor currently owned by a thread: None

Heap address: 0x00000000c0000000, size: 1024 MB, Compressed Oops mode: 32-bit

CDS archive(s) mapped at: [0x000001b302000000-0x000001b302c90000-0x000001b302c90000), size 13172736, SharedBaseAddress: 0x000001b302000000, ArchiveRelocationMode: 1.
Compressed class space mapped at: 0x000001b303000000-0x000001b343000000, reserved size: 1073741824
Narrow klass base: 0x000001b302000000, Narrow klass shift: 0, Narrow klass range: 0x100000000

GC Precious Log:
 CardTable entry size: 512
 Card Set container configuration: InlinePtr #cards 5 size 8 Array Of Cards #cards 12 size 40 Howl #buckets 4 coarsen threshold 1843 Howl Bitmap #cards 512 size 80 coarsen threshold 460 Card regions per heap region 1 cards per card region 2048
 CPUs: 12 total, 12 available
 Memory: 15706M
 Large Page Support: Disabled
 NUMA Support: Disabled
 Compressed Oops: Enabled (32-bit)
 Heap Region Size: 1M
 Heap Min Capacity: 8M
 Heap Initial Capacity: 246M
 Heap Max Capacity: 1G
 Pre-touch: Disabled
 Parallel Workers: 10
 Concurrent Workers: 3
 Concurrent Refinement Workers: 10
 Periodic GC: Disabled

Heap:
 garbage-first heap   total 92160K, used 67282K [0x00000000c0000000, 0x0000000100000000)
  region size 1024K, 34 young (34816K), 5 survivors (5120K)
 Metaspace       used 50544K, committed 52224K, reserved 1114112K
  class space    used 6939K, committed 7744K, reserved 1048576K

Heap Regions: E=young(eden), S=young(survivor), O=old, HS=humongous(starts), HC=humongous(continues), CS=collection set, F=free, TAMS=top-at-mark-start, PB=parsable bottom
|   0|0x00000000c0000000, 0x00000000c0100000, 0x00000000c0100000|100%| O|  |TAMS 0x00000000c0000000| PB 0x00000000c0000000| Untracked 
|   1|0x00000000c0100000, 0x00000000c0200000, 0x00000000c0200000|100%| O|  |TAMS 0x00000000c0100000| PB 0x00000000c0100000| Untracked 
|   2|0x00000000c0200000, 0x00000000c0300000, 0x00000000c0300000|100%| O|  |TAMS 0x00000000c0200000| PB 0x00000000c0200000| Untracked 
|   3|0x00000000c0300000, 0x00000000c0400000, 0x00000000c0400000|100%|HS|  |TAMS 0x00000000c0300000| PB 0x00000000c0300000| Complete 
|   4|0x00000000c0400000, 0x00000000c0500000, 0x00000000c0500000|100%|HC|  |TAMS 0x00000000c0400000| PB 0x00000000c0400000| Complete 
|   5|0x00000000c0500000, 0x00000000c0600000, 0x00000000c0600000|100%|HC|  |TAMS 0x00000000c0500000| PB 0x00000000c0500000| Complete 
|   6|0x00000000c0600000, 0x00000000c0700000, 0x00000000c0700000|100%|HC|  |TAMS 0x00000000c0600000| PB 0x00000000c0600000| Complete 
|   7|0x00000000c0700000, 0x00000000c0800000, 0x00000000c0800000|100%| O|  |TAMS 0x00000000c0700000| PB 0x00000000c0700000| Untracked 
|   8|0x00000000c0800000, 0x00000000c0900000, 0x00000000c0900000|100%| O|  |TAMS 0x00000000c0800000| PB 0x00000000c0800000| Untracked 
|   9|0x00000000c0900000, 0x00000000c0a00000, 0x00000000c0a00000|100%| O|  |TAMS 0x00000000c0900000| PB 0x00000000c0900000| Untracked 
|  10|0x00000000c0a00000, 0x00000000c0b00000, 0x00000000c0b00000|100%|HS|  |TAMS 0x00000000c0a00000| PB 0x00000000c0a00000| Complete 
|  11|0x00000000c0b00000, 0x00000000c0c00000, 0x00000000c0c00000|100%| O|  |TAMS 0x00000000c0b00000| PB 0x00000000c0b00000| Untracked 
|  12|0x00000000c0c00000, 0x00000000c0d00000, 0x00000000c0d00000|100%| O|  |TAMS 0x00000000c0c00000| PB 0x00000000c0c00000| Untracked 
|  13|0x00000000c0d00000, 0x00000000c0debc80, 0x00000000c0e00000| 92%| O|  |TAMS 0x00000000c0d00000| PB 0x00000000c0d00000| Untracked 
|  14|0x00000000c0e00000, 0x00000000c0f00000, 0x00000000c0f00000|100%| O|  |TAMS 0x00000000c0e00000| PB 0x00000000c0e00000| Untracked 
|  15|0x00000000c0f00000, 0x00000000c1000000, 0x00000000c1000000|100%| O|  |TAMS 0x00000000c0f00000| PB 0x00000000c0f00000| Untracked 
|  16|0x00000000c1000000, 0x00000000c1100000, 0x00000000c1100000|100%| O|  |TAMS 0x00000000c1000000| PB 0x00000000c1000000| Untracked 
|  17|0x00000000c1100000, 0x00000000c1200000, 0x00000000c1200000|100%| O|  |TAMS 0x00000000c1100000| PB 0x00000000c1100000| Untracked 
|  18|0x00000000c1200000, 0x00000000c1300000, 0x00000000c1300000|100%| O|  |TAMS 0x00000000c1200000| PB 0x00000000c1200000| Untracked 
|  19|0x00000000c1300000, 0x00000000c1400000, 0x00000000c1400000|100%| O|  |TAMS 0x00000000c1300000| PB 0x00000000c1300000| Untracked 
|  20|0x00000000c1400000, 0x00000000c1500000, 0x00000000c1500000|100%| O|  |TAMS 0x00000000c1400000| PB 0x00000000c1400000| Untracked 
|  21|0x00000000c1500000, 0x00000000c1600000, 0x00000000c1600000|100%| O|  |TAMS 0x00000000c1500000| PB 0x00000000c1500000| Untracked 
|  22|0x00000000c1600000, 0x00000000c1700000, 0x00000000c1700000|100%| O|  |TAMS 0x00000000c1600000| PB 0x00000000c1600000| Untracked 
|  23|0x00000000c1700000, 0x00000000c1800000, 0x00000000c1800000|100%| O|  |TAMS 0x00000000c1700000| PB 0x00000000c1700000| Untracked 
|  24|0x00000000c1800000, 0x00000000c1800000, 0x00000000c1900000|  0%| F|  |TAMS 0x00000000c1800000| PB 0x00000000c1800000| Untracked 
|  25|0x00000000c1900000, 0x00000000c1a00000, 0x00000000c1a00000|100%| O|  |TAMS 0x00000000c1900000| PB 0x00000000c1900000| Untracked 
|  26|0x00000000c1a00000, 0x00000000c1b00000, 0x00000000c1b00000|100%| O|  |TAMS 0x00000000c1a00000| PB 0x00000000c1a00000| Untracked 
|  27|0x00000000c1b00000, 0x00000000c1c00000, 0x00000000c1c00000|100%| O|  |TAMS 0x00000000c1b00000| PB 0x00000000c1b00000| Untracked 
|  28|0x00000000c1c00000, 0x00000000c1d00000, 0x00000000c1d00000|100%| O|  |TAMS 0x00000000c1c00000| PB 0x00000000c1c00000| Untracked 
|  29|0x00000000c1d00000, 0x00000000c1e00000, 0x00000000c1e00000|100%| O|  |TAMS 0x00000000c1d00000| PB 0x00000000c1d00000| Untracked 
|  30|0x00000000c1e00000, 0x00000000c1f00000, 0x00000000c1f00000|100%| O|  |TAMS 0x00000000c1e00000| PB 0x00000000c1e00000| Untracked 
|  31|0x00000000c1f00000, 0x00000000c2000000, 0x00000000c2000000|100%| O|  |TAMS 0x00000000c1f00000| PB 0x00000000c1f00000| Untracked 
|  32|0x00000000c2000000, 0x00000000c2100000, 0x00000000c2100000|100%| O|  |TAMS 0x00000000c2000000| PB 0x00000000c2000000| Untracked 
|  33|0x00000000c2100000, 0x00000000c2200000, 0x00000000c2200000|100%| O|  |TAMS 0x00000000c2100000| PB 0x00000000c2100000| Untracked 
|  34|0x00000000c2200000, 0x00000000c2300000, 0x00000000c2300000|100%| O|  |TAMS 0x00000000c2200000| PB 0x00000000c2200000| Untracked 
|  35|0x00000000c2300000, 0x00000000c23a3518, 0x00000000c2400000| 63%| O|  |TAMS 0x00000000c2300000| PB 0x00000000c2300000| Untracked 
|  36|0x00000000c2400000, 0x00000000c2400000, 0x00000000c2500000|  0%| F|  |TAMS 0x00000000c2400000| PB 0x00000000c2400000| Untracked 
|  37|0x00000000c2500000, 0x00000000c2525960, 0x00000000c2600000| 14%| S|CS|TAMS 0x00000000c2500000| PB 0x00000000c2500000| Complete 
|  38|0x00000000c2600000, 0x00000000c2700000, 0x00000000c2700000|100%| S|CS|TAMS 0x00000000c2600000| PB 0x00000000c2600000| Complete 
|  39|0x00000000c2700000, 0x00000000c2800000, 0x00000000c2800000|100%| S|CS|TAMS 0x00000000c2700000| PB 0x00000000c2700000| Complete 
|  40|0x00000000c2800000, 0x00000000c2900000, 0x00000000c2900000|100%| S|CS|TAMS 0x00000000c2800000| PB 0x00000000c2800000| Complete 
|  41|0x00000000c2900000, 0x00000000c2a00000, 0x00000000c2a00000|100%| S|CS|TAMS 0x00000000c2900000| PB 0x00000000c2900000| Complete 
|  42|0x00000000c2a00000, 0x00000000c2a00000, 0x00000000c2b00000|  0%| F|  |TAMS 0x00000000c2a00000| PB 0x00000000c2a00000| Untracked 
|  43|0x00000000c2b00000, 0x00000000c2b00000, 0x00000000c2c00000|  0%| F|  |TAMS 0x00000000c2b00000| PB 0x00000000c2b00000| Untracked 
|  44|0x00000000c2c00000, 0x00000000c2c00000, 0x00000000c2d00000|  0%| F|  |TAMS 0x00000000c2c00000| PB 0x00000000c2c00000| Untracked 
|  45|0x00000000c2d00000, 0x00000000c2d00000, 0x00000000c2e00000|  0%| F|  |TAMS 0x00000000c2d00000| PB 0x00000000c2d00000| Untracked 
|  46|0x00000000c2e00000, 0x00000000c2e00000, 0x00000000c2f00000|  0%| F|  |TAMS 0x00000000c2e00000| PB 0x00000000c2e00000| Untracked 
|  47|0x00000000c2f00000, 0x00000000c2f00000, 0x00000000c3000000|  0%| F|  |TAMS 0x00000000c2f00000| PB 0x00000000c2f00000| Untracked 
|  48|0x00000000c3000000, 0x00000000c3000000, 0x00000000c3100000|  0%| F|  |TAMS 0x00000000c3000000| PB 0x00000000c3000000| Untracked 
|  49|0x00000000c3100000, 0x00000000c3100000, 0x00000000c3200000|  0%| F|  |TAMS 0x00000000c3100000| PB 0x00000000c3100000| Untracked 
|  50|0x00000000c3200000, 0x00000000c3200000, 0x00000000c3300000|  0%| F|  |TAMS 0x00000000c3200000| PB 0x00000000c3200000| Untracked 
|  51|0x00000000c3300000, 0x00000000c3300000, 0x00000000c3400000|  0%| F|  |TAMS 0x00000000c3300000| PB 0x00000000c3300000| Untracked 
|  52|0x00000000c3400000, 0x00000000c3400000, 0x00000000c3500000|  0%| F|  |TAMS 0x00000000c3400000| PB 0x00000000c3400000| Untracked 
|  53|0x00000000c3500000, 0x00000000c3500000, 0x00000000c3600000|  0%| F|  |TAMS 0x00000000c3500000| PB 0x00000000c3500000| Untracked 
|  54|0x00000000c3600000, 0x00000000c3600000, 0x00000000c3700000|  0%| F|  |TAMS 0x00000000c3600000| PB 0x00000000c3600000| Untracked 
|  55|0x00000000c3700000, 0x00000000c3700000, 0x00000000c3800000|  0%| F|  |TAMS 0x00000000c3700000| PB 0x00000000c3700000| Untracked 
|  56|0x00000000c3800000, 0x00000000c3800000, 0x00000000c3900000|  0%| F|  |TAMS 0x00000000c3800000| PB 0x00000000c3800000| Untracked 
|  57|0x00000000c3900000, 0x00000000c3900000, 0x00000000c3a00000|  0%| F|  |TAMS 0x00000000c3900000| PB 0x00000000c3900000| Untracked 
|  58|0x00000000c3a00000, 0x00000000c3a00000, 0x00000000c3b00000|  0%| F|  |TAMS 0x00000000c3a00000| PB 0x00000000c3a00000| Untracked 
|  59|0x00000000c3b00000, 0x00000000c3b00000, 0x00000000c3c00000|  0%| F|  |TAMS 0x00000000c3b00000| PB 0x00000000c3b00000| Untracked 
|  60|0x00000000c3c00000, 0x00000000c3c00000, 0x00000000c3d00000|  0%| F|  |TAMS 0x00000000c3c00000| PB 0x00000000c3c00000| Untracked 
|  61|0x00000000c3d00000, 0x00000000c3dbb988, 0x00000000c3e00000| 73%| E|  |TAMS 0x00000000c3d00000| PB 0x00000000c3d00000| Complete 
|  62|0x00000000c3e00000, 0x00000000c3f00000, 0x00000000c3f00000|100%| E|CS|TAMS 0x00000000c3e00000| PB 0x00000000c3e00000| Complete 
|  63|0x00000000c3f00000, 0x00000000c4000000, 0x00000000c4000000|100%| E|CS|TAMS 0x00000000c3f00000| PB 0x00000000c3f00000| Complete 
|  64|0x00000000c4000000, 0x00000000c4100000, 0x00000000c4100000|100%| E|CS|TAMS 0x00000000c4000000| PB 0x00000000c4000000| Complete 
|  65|0x00000000c4100000, 0x00000000c4200000, 0x00000000c4200000|100%| E|CS|TAMS 0x00000000c4100000| PB 0x00000000c4100000| Complete 
|  66|0x00000000c4200000, 0x00000000c4300000, 0x00000000c4300000|100%| E|CS|TAMS 0x00000000c4200000| PB 0x00000000c4200000| Complete 
|  67|0x00000000c4300000, 0x00000000c4400000, 0x00000000c4400000|100%| E|  |TAMS 0x00000000c4300000| PB 0x00000000c4300000| Complete 
|  68|0x00000000c4400000, 0x00000000c4500000, 0x00000000c4500000|100%| E|CS|TAMS 0x00000000c4400000| PB 0x00000000c4400000| Complete 
|  69|0x00000000c4500000, 0x00000000c4600000, 0x00000000c4600000|100%| E|CS|TAMS 0x00000000c4500000| PB 0x00000000c4500000| Complete 
|  70|0x00000000c4600000, 0x00000000c4700000, 0x00000000c4700000|100%| E|CS|TAMS 0x00000000c4600000| PB 0x00000000c4600000| Complete 
|  71|0x00000000c4700000, 0x00000000c4800000, 0x00000000c4800000|100%| E|CS|TAMS 0x00000000c4700000| PB 0x00000000c4700000| Complete 
|  72|0x00000000c4800000, 0x00000000c4900000, 0x00000000c4900000|100%| E|CS|TAMS 0x00000000c4800000| PB 0x00000000c4800000| Complete 
|  73|0x00000000c4900000, 0x00000000c4a00000, 0x00000000c4a00000|100%| E|CS|TAMS 0x00000000c4900000| PB 0x00000000c4900000| Complete 
|  74|0x00000000c4a00000, 0x00000000c4b00000, 0x00000000c4b00000|100%| E|CS|TAMS 0x00000000c4a00000| PB 0x00000000c4a00000| Complete 
|  75|0x00000000c4b00000, 0x00000000c4c00000, 0x00000000c4c00000|100%| E|CS|TAMS 0x00000000c4b00000| PB 0x00000000c4b00000| Complete 
| 147|0x00000000c9300000, 0x00000000c9400000, 0x00000000c9400000|100%| E|CS|TAMS 0x00000000c9300000| PB 0x00000000c9300000| Complete 
| 148|0x00000000c9400000, 0x00000000c9500000, 0x00000000c9500000|100%| E|CS|TAMS 0x00000000c9400000| PB 0x00000000c9400000| Complete 
| 149|0x00000000c9500000, 0x00000000c9600000, 0x00000000c9600000|100%| E|CS|TAMS 0x00000000c9500000| PB 0x00000000c9500000| Complete 
| 150|0x00000000c9600000, 0x00000000c9700000, 0x00000000c9700000|100%| E|CS|TAMS 0x00000000c9600000| PB 0x00000000c9600000| Complete 
| 151|0x00000000c9700000, 0x00000000c9800000, 0x00000000c9800000|100%| E|CS|TAMS 0x00000000c9700000| PB 0x00000000c9700000| Complete 
| 152|0x00000000c9800000, 0x00000000c9900000, 0x00000000c9900000|100%| E|CS|TAMS 0x00000000c9800000| PB 0x00000000c9800000| Complete 
| 153|0x00000000c9900000, 0x00000000c9a00000, 0x00000000c9a00000|100%| E|CS|TAMS 0x00000000c9900000| PB 0x00000000c9900000| Complete 
| 154|0x00000000c9a00000, 0x00000000c9b00000, 0x00000000c9b00000|100%| E|CS|TAMS 0x00000000c9a00000| PB 0x00000000c9a00000| Complete 
| 155|0x00000000c9b00000, 0x00000000c9c00000, 0x00000000c9c00000|100%| E|CS|TAMS 0x00000000c9b00000| PB 0x00000000c9b00000| Complete 
| 156|0x00000000c9c00000, 0x00000000c9d00000, 0x00000000c9d00000|100%| E|CS|TAMS 0x00000000c9c00000| PB 0x00000000c9c00000| Complete 
| 157|0x00000000c9d00000, 0x00000000c9e00000, 0x00000000c9e00000|100%| E|CS|TAMS 0x00000000c9d00000| PB 0x00000000c9d00000| Complete 
| 158|0x00000000c9e00000, 0x00000000c9f00000, 0x00000000c9f00000|100%| E|CS|TAMS 0x00000000c9e00000| PB 0x00000000c9e00000| Complete 
| 244|0x00000000cf400000, 0x00000000cf500000, 0x00000000cf500000|100%| E|CS|TAMS 0x00000000cf400000| PB 0x00000000cf400000| Complete 
| 245|0x00000000cf500000, 0x00000000cf600000, 0x00000000cf600000|100%| E|CS|TAMS 0x00000000cf500000| PB 0x00000000cf500000| Complete 

Card table byte_map: [0x000001b37d8b0000,0x000001b37dab0000] _byte_map_base: 0x000001b37d2b0000

Marking Bits: (CMBitMap*) 0x000001b365d144c0
 Bits: [0x000001b37dab0000, 0x000001b37eab0000)

Polling page: 0x000001b363ca0000

Metaspace:

Usage:
  Non-class:     42.60 MB used.
      Class:      6.78 MB used.
       Both:     49.38 MB used.

Virtual space:
  Non-class space:       64.00 MB reserved,      43.44 MB ( 68%) committed,  1 nodes.
      Class space:        1.00 GB reserved,       7.56 MB ( <1%) committed,  1 nodes.
             Both:        1.06 GB reserved,      51.00 MB (  5%) committed. 

Chunk freelists:
   Non-Class:  4.50 MB
       Class:  8.25 MB
        Both:  12.75 MB

MaxMetaspaceSize: unlimited
CompressedClassSpaceSize: 1.00 GB
Initial GC threshold: 21.00 MB
Current GC threshold: 58.75 MB
CDS: on
 - commit_granule_bytes: 65536.
 - commit_granule_words: 8192.
 - virtual_space_node_default_size: 8388608.
 - enlarge_chunks_in_place: 1.
 - use_allocation_guard: 0.


Internal statistics:

num_allocs_failed_limit: 6.
num_arena_births: 2954.
num_arena_deaths: 0.
num_vsnodes_births: 2.
num_vsnodes_deaths: 0.
num_space_committed: 817.
num_space_uncommitted: 0.
num_chunks_returned_to_freelist: 6.
num_chunks_taken_from_freelist: 5175.
num_chunk_merges: 3.
num_chunk_splits: 3371.
num_chunks_enlarged: 2057.
num_inconsistent_stats: 0.

CodeHeap 'non-profiled nmethods': size=120000Kb used=4044Kb max_used=4044Kb free=115955Kb
 bounds [0x000001b375c30000, 0x000001b376030000, 0x000001b37d160000]
CodeHeap 'profiled nmethods': size=120000Kb used=11800Kb max_used=11800Kb free=108199Kb
 bounds [0x000001b36e160000, 0x000001b36ecf0000, 0x000001b375690000]
CodeHeap 'non-nmethods': size=5760Kb used=2739Kb max_used=2750Kb free=3021Kb
 bounds [0x000001b375690000, 0x000001b375950000, 0x000001b375c30000]
 total_blobs=6917 nmethods=6048 adapters=773
 compilation: enabled
              stopped_count=0, restarted_count=0
 full_count=0

Compilation events (20 events):
Event: 8819.820 Thread 0x000001b37f769ff0 6529       3       sun.security.jca.ProviderList$ServiceList::tryGet (304 bytes)
Event: 8819.821 Thread 0x000001b37f76b460 nmethod 6526 0x000001b376021190 code [0x000001b376021320, 0x000001b376021420]
Event: 8819.821 Thread 0x000001b37f76b460 6528       4       java.lang.Number::<init> (5 bytes)
Event: 8819.821 Thread 0x000001b37f76b460 nmethod 6528 0x000001b376021510 code [0x000001b376021680, 0x000001b376021708]
Event: 8819.821 Thread 0x000001b37f76b460 6514       4       sun.security.util.DerInputStream::getDerValue (76 bytes)
Event: 8819.821 Thread 0x000001b37f769ff0 nmethod 6529 0x000001b36ecdfa10 code [0x000001b36ecdfd80, 0x000001b36ece1358]
Event: 8819.821 Thread 0x000001b37f769ff0 6530       3       sun.security.x509.Extension::<init> (75 bytes)
Event: 8819.822 Thread 0x000001b37f769ff0 nmethod 6530 0x000001b36ece1a90 code [0x000001b36ece1cc0, 0x000001b36ece2230]
Event: 8819.822 Thread 0x000001b37f769ff0 6531   !   3       sun.security.x509.CertificateExtensions::parseExtension (281 bytes)
Event: 8819.822 Thread 0x000001b37f76b460 nmethod 6514 0x000001b376021810 code [0x000001b3760219a0, 0x000001b376021b28]
Event: 8819.822 Thread 0x000001b37f76b460 6503       4       java.io.ByteArrayOutputStream::ensureCapacity (32 bytes)
Event: 8819.823 Thread 0x000001b37f769ff0 nmethod 6531 0x000001b36ece2490 code [0x000001b36ece2880, 0x000001b36ece4798]
Event: 8819.823 Thread 0x000001b37f769ff0 6532       3       sun.security.x509.OIDMap::getClass (26 bytes)
Event: 8819.823 Thread 0x000001b37f769ff0 nmethod 6532 0x000001b36ece5590 code [0x000001b36ece5760, 0x000001b36ece5b60]
Event: 8819.823 Thread 0x000001b37f769ff0 6533       1       sun.security.x509.X509CertImpl::getEncodedInternal (5 bytes)
Event: 8819.823 Thread 0x000001b37f769ff0 nmethod 6533 0x000001b376021c10 code [0x000001b376021da0, 0x000001b376021e68]
Event: 8819.823 Thread 0x000001b37f769ff0 6522       3       java.io.ByteArrayOutputStream::writeBytes (9 bytes)
Event: 8819.823 Thread 0x000001b37f769ff0 nmethod 6522 0x000001b36ece5c90 code [0x000001b36ece5e40, 0x000001b36ece6018]
Event: 8819.824 Thread 0x000001b37f76b460 nmethod 6503 0x000001b376021f10 code [0x000001b3760220a0, 0x000001b3760222a8]
Event: 8819.824 Thread 0x000001b37f76b460 6509       4       java.lang.invoke.DirectMethodHandle$Holder::newInvokeSpecial (24 bytes)

GC Heap History (20 events):
Event: 21.777 GC heap before
{Heap before GC invocations=3 (full 0):
 garbage-first heap   total 251904K, used 101295K [0x00000000c0000000, 0x0000000100000000)
  region size 1024K, 87 young (89088K), 6 survivors (6144K)
 Metaspace       used 20862K, committed 21504K, reserved 1114112K
  class space    used 2975K, committed 3264K, reserved 1048576K
}
Event: 21.786 GC heap after
{Heap after GC invocations=4 (full 0):
 garbage-first heap   total 251904K, used 25204K [0x00000000c0000000, 0x0000000100000000)
  region size 1024K, 12 young (12288K), 12 survivors (12288K)
 Metaspace       used 20862K, committed 21504K, reserved 1114112K
  class space    used 2975K, committed 3264K, reserved 1048576K
}
Event: 22.410 GC heap before
{Heap before GC invocations=5 (full 0):
 garbage-first heap   total 92160K, used 68212K [0x00000000c0000000, 0x0000000100000000)
  region size 1024K, 54 young (55296K), 12 survivors (12288K)
 Metaspace       used 26072K, committed 27072K, reserved 1114112K
  class space    used 3854K, committed 4352K, reserved 1048576K
}
Event: 22.417 GC heap after
{Heap after GC invocations=6 (full 0):
 garbage-first heap   total 92160K, used 28191K [0x00000000c0000000, 0x0000000100000000)
  region size 1024K, 3 young (3072K), 3 survivors (3072K)
 Metaspace       used 26072K, committed 27072K, reserved 1114112K
  class space    used 3854K, committed 4352K, reserved 1048576K
}
Event: 23.162 GC heap before
{Heap before GC invocations=6 (full 0):
 garbage-first heap   total 92160K, used 76319K [0x00000000c0000000, 0x0000000100000000)
  region size 1024K, 50 young (51200K), 3 survivors (3072K)
 Metaspace       used 34604K, committed 35968K, reserved 1114112K
  class space    used 5010K, committed 5696K, reserved 1048576K
}
Event: 23.168 GC heap after
{Heap after GC invocations=7 (full 0):
 garbage-first heap   total 92160K, used 32103K [0x00000000c0000000, 0x0000000100000000)
  region size 1024K, 7 young (7168K), 7 survivors (7168K)
 Metaspace       used 34604K, committed 35968K, reserved 1114112K
  class space    used 5010K, committed 5696K, reserved 1048576K
}
Event: 23.175 GC heap before
{Heap before GC invocations=7 (full 0):
 garbage-first heap   total 92160K, used 32103K [0x00000000c0000000, 0x0000000100000000)
  region size 1024K, 8 young (8192K), 7 survivors (7168K)
 Metaspace       used 34655K, committed 35968K, reserved 1114112K
  class space    used 5017K, committed 5696K, reserved 1048576K
}
Event: 23.179 GC heap after
{Heap after GC invocations=8 (full 0):
 garbage-first heap   total 92160K, used 32761K [0x00000000c0000000, 0x0000000100000000)
  region size 1024K, 1 young (1024K), 1 survivors (1024K)
 Metaspace       used 34655K, committed 35968K, reserved 1114112K
  class space    used 5017K, committed 5696K, reserved 1048576K
}
Event: 23.846 GC heap before
{Heap before GC invocations=9 (full 0):
 garbage-first heap   total 92160K, used 83961K [0x00000000c0000000, 0x0000000100000000)
  region size 1024K, 47 young (48128K), 1 survivors (1024K)
 Metaspace       used 38561K, committed 39936K, reserved 1114112K
  class space    used 5403K, committed 6080K, reserved 1048576K
}
Event: 23.849 GC heap after
{Heap after GC invocations=10 (full 0):
 garbage-first heap   total 92160K, used 37329K [0x00000000c0000000, 0x0000000100000000)
  region size 1024K, 6 young (6144K), 6 survivors (6144K)
 Metaspace       used 38561K, committed 39936K, reserved 1114112K
  class space    used 5403K, committed 6080K, reserved 1048576K
}
Event: 500.496 GC heap before
{Heap before GC invocations=10 (full 0):
 garbage-first heap   total 92160K, used 78289K [0x00000000c0000000, 0x0000000100000000)
  region size 1024K, 46 young (47104K), 6 survivors (6144K)
 Metaspace       used 41717K, committed 43200K, reserved 1114112K
  class space    used 5859K, committed 6592K, reserved 1048576K
}
Event: 500.501 GC heap after
{Heap after GC invocations=11 (full 0):
 garbage-first heap   total 92160K, used 38044K [0x00000000c0000000, 0x0000000100000000)
  region size 1024K, 3 young (3072K), 3 survivors (3072K)
 Metaspace       used 41717K, committed 43200K, reserved 1114112K
  class space    used 5859K, committed 6592K, reserved 1048576K
}
Event: 2830.190 GC heap before
{Heap before GC invocations=11 (full 0):
 garbage-first heap   total 92160K, used 80028K [0x00000000c0000000, 0x0000000100000000)
  region size 1024K, 44 young (45056K), 3 survivors (3072K)
 Metaspace       used 41890K, committed 43392K, reserved 1114112K
  class space    used 5859K, committed 6592K, reserved 1048576K
}
Event: 2830.198 GC heap after
{Heap after GC invocations=12 (full 0):
 garbage-first heap   total 92160K, used 38160K [0x00000000c0000000, 0x0000000100000000)
  region size 1024K, 3 young (3072K), 3 survivors (3072K)
 Metaspace       used 41890K, committed 43392K, reserved 1114112K
  class space    used 5859K, committed 6592K, reserved 1048576K
}
Event: 5320.498 GC heap before
{Heap before GC invocations=12 (full 0):
 garbage-first heap   total 92160K, used 82192K [0x00000000c0000000, 0x0000000100000000)
  region size 1024K, 46 young (47104K), 3 survivors (3072K)
 Metaspace       used 41911K, committed 43392K, reserved 1114112K
  class space    used 5859K, committed 6592K, reserved 1048576K
}
Event: 5320.505 GC heap after
{Heap after GC invocations=13 (full 0):
 garbage-first heap   total 92160K, used 37584K [0x00000000c0000000, 0x0000000100000000)
  region size 1024K, 3 young (3072K), 3 survivors (3072K)
 Metaspace       used 41911K, committed 43392K, reserved 1114112K
  class space    used 5859K, committed 6592K, reserved 1048576K
}
Event: 7890.182 GC heap before
{Heap before GC invocations=13 (full 0):
 garbage-first heap   total 92160K, used 82640K [0x00000000c0000000, 0x0000000100000000)
  region size 1024K, 47 young (48128K), 3 survivors (3072K)
 Metaspace       used 41911K, committed 43392K, reserved 1114112K
  class space    used 5859K, committed 6592K, reserved 1048576K
}
Event: 7890.192 GC heap after
{Heap after GC invocations=14 (full 0):
 garbage-first heap   total 92160K, used 37410K [0x00000000c0000000, 0x0000000100000000)
  region size 1024K, 2 young (2048K), 2 survivors (2048K)
 Metaspace       used 41911K, committed 43392K, reserved 1114112K
  class space    used 5859K, committed 6592K, reserved 1048576K
}
Event: 8819.258 GC heap before
{Heap before GC invocations=14 (full 0):
 garbage-first heap   total 92160K, used 85538K [0x00000000c0000000, 0x0000000100000000)
  region size 1024K, 48 young (49152K), 2 survivors (2048K)
 Metaspace       used 45691K, committed 47360K, reserved 1114112K
  class space    used 6334K, committed 7168K, reserved 1048576K
}
Event: 8819.268 GC heap after
{Heap after GC invocations=15 (full 0):
 garbage-first heap   total 92160K, used 39634K [0x00000000c0000000, 0x0000000100000000)
  region size 1024K, 5 young (5120K), 5 survivors (5120K)
 Metaspace       used 45691K, committed 47360K, reserved 1114112K
  class space    used 6334K, committed 7168K, reserved 1048576K
}

Dll operation events (15 events):
Event: 0.010 Loaded shared library C:\Program Files\Java\jdk-21\bin\java.dll
Event: 0.056 Loaded shared library C:\Program Files\Java\jdk-21\bin\jsvml.dll
Event: 0.092 Loaded shared library C:\Program Files\Java\jdk-21\bin\zip.dll
Event: 0.096 Loaded shared library C:\Program Files\Java\jdk-21\bin\instrument.dll
Event: 0.101 Loaded shared library C:\Program Files\Java\jdk-21\bin\net.dll
Event: 0.104 Loaded shared library C:\Program Files\Java\jdk-21\bin\nio.dll
Event: 0.154 Loaded shared library C:\Program Files\Java\jdk-21\bin\zip.dll
Event: 7.087 Loaded shared library C:\Program Files\Java\jdk-21\bin\jimage.dll
Event: 11.368 Loaded shared library C:\Program Files\Java\jdk-21\bin\verify.dll
Event: 11.526 Loaded shared library D:\.gradle\native\c067742578af261105cb4f569cf0c3c89f3d7b1fecec35dd04571415982c5e48\windows-amd64\native-platform.dll
Event: 11.605 Loaded shared library D:\.gradle\native\100fb08df4bc3b14c8652ba06237920a3bd2aa13389f12d3474272988ae205f9\windows-amd64\native-platform-file-events.dll
Event: 20.136 Loaded shared library C:\Program Files\Java\jdk-21\bin\management.dll
Event: 20.140 Loaded shared library C:\Program Files\Java\jdk-21\bin\management_ext.dll
Event: 20.334 Loaded shared library C:\Program Files\Java\jdk-21\bin\extnet.dll
Event: 20.509 Loaded shared library C:\Program Files\Java\jdk-21\bin\sunmscapi.dll

Deoptimization events (20 events):
Event: 8819.729 Thread 0x000001b348fd4d70 Uncommon trap: trap_request=0xffffff45 fr.pc=0x000001b375c63ad0 relative=0x00000000000002b0
Event: 8819.729 Thread 0x000001b348fd4d70 Uncommon trap: reason=unstable_if action=reinterpret pc=0x000001b375c63ad0 method=java.lang.StringLatin1.compareToCI([B[B)I @ 31 c2
Event: 8819.729 Thread 0x000001b348fd4d70 DEOPT PACKING pc=0x000001b375c63ad0 sp=0x0000000ec7df4a40
Event: 8819.729 Thread 0x000001b348fd4d70 DEOPT UNPACKING pc=0x000001b3756e46a2 sp=0x0000000ec7df49e8 mode 2
Event: 8819.778 Thread 0x000001b348fd4d70 Uncommon trap: trap_request=0xffffffde fr.pc=0x000001b375c87a54 relative=0x0000000000002174
Event: 8819.778 Thread 0x000001b348fd4d70 Uncommon trap: reason=class_check action=maybe_recompile pc=0x000001b375c87a54 method=java.lang.String.<init>(Ljava/nio/charset/Charset;[BII)V @ 521 c2
Event: 8819.778 Thread 0x000001b348fd4d70 DEOPT PACKING pc=0x000001b375c87a54 sp=0x0000000ec7df59f0
Event: 8819.778 Thread 0x000001b348fd4d70 DEOPT UNPACKING pc=0x000001b3756e46a2 sp=0x0000000ec7df59d8 mode 2
Event: 8819.781 Thread 0x000001b348fd4d70 Uncommon trap: trap_request=0xffffffde fr.pc=0x000001b375c87a54 relative=0x0000000000002174
Event: 8819.781 Thread 0x000001b348fd4d70 Uncommon trap: reason=class_check action=maybe_recompile pc=0x000001b375c87a54 method=java.lang.String.<init>(Ljava/nio/charset/Charset;[BII)V @ 521 c2
Event: 8819.781 Thread 0x000001b348fd4d70 DEOPT PACKING pc=0x000001b375c87a54 sp=0x0000000ec7df59f0
Event: 8819.781 Thread 0x000001b348fd4d70 DEOPT UNPACKING pc=0x000001b3756e46a2 sp=0x0000000ec7df59d8 mode 2
Event: 8819.781 Thread 0x000001b348fd4d70 Uncommon trap: trap_request=0xffffffde fr.pc=0x000001b375c87a54 relative=0x0000000000002174
Event: 8819.781 Thread 0x000001b348fd4d70 Uncommon trap: reason=class_check action=maybe_recompile pc=0x000001b375c87a54 method=java.lang.String.<init>(Ljava/nio/charset/Charset;[BII)V @ 521 c2
Event: 8819.781 Thread 0x000001b348fd4d70 DEOPT PACKING pc=0x000001b375c87a54 sp=0x0000000ec7df59f0
Event: 8819.781 Thread 0x000001b348fd4d70 DEOPT UNPACKING pc=0x000001b3756e46a2 sp=0x0000000ec7df59d8 mode 2
Event: 8819.781 Thread 0x000001b348fd4d70 Uncommon trap: trap_request=0xffffffde fr.pc=0x000001b375c87a54 relative=0x0000000000002174
Event: 8819.781 Thread 0x000001b348fd4d70 Uncommon trap: reason=class_check action=maybe_recompile pc=0x000001b375c87a54 method=java.lang.String.<init>(Ljava/nio/charset/Charset;[BII)V @ 521 c2
Event: 8819.781 Thread 0x000001b348fd4d70 DEOPT PACKING pc=0x000001b375c87a54 sp=0x0000000ec7df59f0
Event: 8819.781 Thread 0x000001b348fd4d70 DEOPT UNPACKING pc=0x000001b3756e46a2 sp=0x0000000ec7df59d8 mode 2

Classes loaded (20 events):
Event: 8819.813 Loading class sun/security/x509/AccessDescription done
Event: 8819.818 Loading class sun/security/x509/ExtendedKeyUsageExtension
Event: 8819.819 Loading class sun/security/x509/ExtendedKeyUsageExtension done
Event: 8819.820 Loading class sun/security/pkcs12/PKCS12KeyStore$PrivateKeyEntry
Event: 8819.820 Loading class sun/security/pkcs12/PKCS12KeyStore$PrivateKeyEntry done
Event: 8819.821 Loading class javax/net/ssl/TrustManagerFactory
Event: 8819.821 Loading class javax/net/ssl/TrustManagerFactory done
Event: 8819.821 Loading class javax/net/ssl/TrustManagerFactorySpi
Event: 8819.821 Loading class javax/net/ssl/TrustManagerFactorySpi done
Event: 8819.821 Loading class sun/security/ssl/TrustManagerFactoryImpl$PKIXFactory
Event: 8819.822 Loading class sun/security/ssl/TrustManagerFactoryImpl
Event: 8819.822 Loading class sun/security/ssl/TrustManagerFactoryImpl done
Event: 8819.822 Loading class sun/security/ssl/TrustManagerFactoryImpl$PKIXFactory done
Event: 8819.822 Loading class sun/security/validator/TrustStoreUtil
Event: 8819.823 Loading class sun/security/validator/TrustStoreUtil done
Event: 8819.823 Loading class sun/security/ssl/X509TrustManagerImpl
Event: 8819.824 Loading class javax/net/ssl/X509ExtendedTrustManager
Event: 8819.824 Loading class javax/net/ssl/X509ExtendedTrustManager done
Event: 8819.824 Loading class sun/security/ssl/X509TrustManagerImpl done
Event: 8819.826 Loading class sun/security/ssl/SSLSocketFactoryImpl

Classes unloaded (0 events):
No events

Classes redefined (0 events):
No events

Internal exceptions (20 events):
Event: 8818.661 Thread 0x000001b348fd4d70 Exception <a 'java/lang/NoSuchMethodError'{0x00000000c40ed758}: 'java.lang.Object java.lang.invoke.DirectMethodHandle$Holder.invokeSpecial(java.lang.Object, java.lang.Object, java.lang.Object, java.lang.Object, java.lang.Object, java.lang.Object, java.lang.Object, java.lang.Object, java.lang.Object, java.lang.Object, java.lang.Object, java.lang.Object, java.lang.Object, java.lang.Object, java.lang.Object, java.lang.Object)'> (0x00000000c40ed758) 
thrown [s\open\src\hotspot\share\interpreter\linkResolver.cp
Event: 8818.662 Thread 0x000001b348fd4d70 Exception <a 'java/lang/NoSuchMethodError'{0x00000000c40f2728}: 'java.lang.Object java.lang.invoke.DelegatingMethodHandle$Holder.reinvoke_L(java.lang.Object, java.lang.Object, java.lang.Object, java.lang.Object, java.lang.Object, java.lang.Object, java.lang.Object, java.lang.Object, java.lang.Object, java.lang.Object, java.lang.Object, java.lang.Object, java.lang.Object, java.lang.Object, java.lang.Object)'> (0x00000000c40f2728) 
thrown [s\open\src\hotspot\share\interpreter\linkResolver.cpp, line 773]
Event: 8818.796 Thread 0x000001b348fd4d70 Exception <a 'java/lang/NoSuchMethodError'{0x00000000c3c1e968}: 'long java.lang.invoke.DirectMethodHandle$Holder.invokeStatic(java.lang.Object, long)'> (0x00000000c3c1e968) 
thrown [s\open\src\hotspot\share\interpreter\linkResolver.cpp, line 773]
Event: 8818.893 Thread 0x000001b348fd4d70 Exception <a 'java/lang/NoSuchMethodError'{0x00000000c398dcb8}: 'java.lang.Object java.lang.invoke.DirectMethodHandle$Holder.invokeInterface(java.lang.Object, java.lang.Object, int)'> (0x00000000c398dcb8) 
thrown [s\open\src\hotspot\share\interpreter\linkResolver.cpp, line 773]
Event: 8819.028 Thread 0x000001b348fd4d70 Implicit null exception at 0x000001b375e4d938 to 0x000001b375e541e0
Event: 8819.058 Thread 0x000001b348fd4d70 Exception <a 'java/lang/NoSuchMethodError'{0x00000000c3276960}: 'java.lang.Object java.lang.invoke.DirectMethodHandle$Holder.invokeVirtual(java.lang.Object, java.lang.Object, java.lang.Object, java.lang.Object, java.lang.Object, java.lang.Object, java.lang.Object, java.lang.Object, java.lang.Object, java.lang.Object, java.lang.Object, java.lang.Object, java.lang.Object, java.lang.Object, java.lang.Object, java.lang.Object, java.lang.Object)'> (0x00000000c3276960) 
thrown [s\open\src\hotspot\share\interpret
Event: 8819.058 Thread 0x000001b348fd4d70 Exception <a 'java/lang/NoSuchMethodError'{0x00000000c327c810}: 'java.lang.Object java.lang.invoke.DirectMethodHandle$Holder.invokeSpecial(java.lang.Object, java.lang.Object, java.lang.Object, java.lang.Object, java.lang.Object, java.lang.Object, java.lang.Object, java.lang.Object, java.lang.Object, java.lang.Object, java.lang.Object, java.lang.Object, java.lang.Object, java.lang.Object, java.lang.Object, java.lang.Object, java.lang.Object, java.lang.Object)'> (0x00000000c327c810) 
thrown [s\open\src\hotsp
Event: 8819.059 Thread 0x000001b348fd4d70 Exception <a 'java/lang/NoSuchMethodError'{0x00000000c3281d68}: 'java.lang.Object java.lang.invoke.DelegatingMethodHandle$Holder.reinvoke_L(java.lang.Object, java.lang.Object, java.lang.Object, java.lang.Object, java.lang.Object, java.lang.Object, java.lang.Object, java.lang.Object, java.lang.Object, java.lang.Object, java.lang.Object, java.lang.Object, java.lang.Object, java.lang.Object, java.lang.Object, java.lang.Object, java.lang.Object)'> (0x00000000c3281d68) 
thrown [s\open\src\hotspot\share\interpre
Event: 8819.104 Thread 0x000001b348fd4d70 Exception <a 'java/lang/NoSuchMethodError'{0x00000000c30ba538}: 'void java.lang.invoke.DirectMethodHandle$Holder.invokeStatic(java.lang.Object, java.lang.Object, java.lang.Object, java.lang.Object, java.lang.Object, java.lang.Object)'> (0x00000000c30ba538) 
thrown [s\open\src\hotspot\share\interpreter\linkResolver.cpp, line 773]
Event: 8819.193 Thread 0x000001b348fd4d70 Exception <a 'java/lang/ClassNotFoundException'{0x00000000c2e2acc8}: build_39ho73r8xarkkoxwft00ebjn9BeanInfo> (0x00000000c2e2acc8) 
thrown [s\open\src\hotspot\share\classfile\systemDictionary.cpp, line 312]
Event: 8819.194 Thread 0x000001b348fd4d70 Exception <a 'java/lang/ClassNotFoundException'{0x00000000c2e34420}: org/gradle/api/internal/project/ProjectScriptBeanInfo> (0x00000000c2e34420) 
thrown [s\open\src\hotspot\share\classfile\systemDictionary.cpp, line 312]
Event: 8819.194 Thread 0x000001b348fd4d70 Exception <a 'java/lang/ClassNotFoundException'{0x00000000c2e3d9b8}: org/gradle/api/internal/project/ProjectScriptCustomizer> (0x00000000c2e3d9b8) 
thrown [s\open\src\hotspot\share\classfile\systemDictionary.cpp, line 312]
Event: 8819.201 Thread 0x000001b348fd4d70 Exception <a 'java/lang/ClassNotFoundException'{0x00000000c2e54de0}: build_39ho73r8xarkkoxwft00ebjn9Customizer> (0x00000000c2e54de0) 
thrown [s\open\src\hotspot\share\classfile\systemDictionary.cpp, line 312]
Event: 8819.214 Thread 0x000001b348fd4d70 Exception <a 'java/lang/ClassNotFoundException'{0x00000000c2ec74f0}: org/gradle/plugin/use/internal/PluginRequestCollector$PluginDependenciesSpecImplBeanInfo> (0x00000000c2ec74f0) 
thrown [s\open\src\hotspot\share\classfile\systemDictionary.cpp, line 312]
Event: 8819.214 Thread 0x000001b348fd4d70 Exception <a 'java/lang/ClassNotFoundException'{0x00000000c2ed6d58}: org/gradle/plugin/use/internal/PluginRequestCollector$PluginDependenciesSpecImplCustomizer> (0x00000000c2ed6d58) 
thrown [s\open\src\hotspot\share\classfile\systemDictionary.cpp, line 312]
Event: 8819.215 Thread 0x000001b348fd4d70 Exception <a 'java/lang/NoSuchMethodError'{0x00000000c2ee50c0}: 'java.lang.Object java.lang.invoke.DirectMethodHandle$Holder.invokeVirtual(java.lang.Object, java.lang.Object, java.lang.Object, int)'> (0x00000000c2ee50c0) 
thrown [s\open\src\hotspot\share\interpreter\linkResolver.cpp, line 773]
Event: 8819.221 Thread 0x000001b348fd4d70 Exception <a 'java/lang/ClassNotFoundException'{0x00000000c2d361d0}: org/gradle/plugin/use/internal/PluginRequestCollector$PluginDependencySpecImplBeanInfo> (0x00000000c2d361d0) 
thrown [s\open\src\hotspot\share\classfile\systemDictionary.cpp, line 312]
Event: 8819.222 Thread 0x000001b348fd4d70 Exception <a 'java/lang/ClassNotFoundException'{0x00000000c2d459f0}: org/gradle/plugin/use/internal/PluginRequestCollector$PluginDependencySpecImplCustomizer> (0x00000000c2d459f0) 
thrown [s\open\src\hotspot\share\classfile\systemDictionary.cpp, line 312]
Event: 8819.319 Thread 0x000001b348fd4d70 Exception <a 'java/lang/NoSuchMethodError'{0x00000000c9d63618}: 'java.lang.Object java.lang.invoke.DirectMethodHandle$Holder.newInvokeSpecial(java.lang.Object, java.lang.Object, java.lang.Object, java.lang.Object, java.lang.Object, java.lang.Object, java.lang.Object, java.lang.Object, java.lang.Object, java.lang.Object, java.lang.Object, java.lang.Object, java.lang.Object, java.lang.Object, java.lang.Object, java.lang.Object, java.lang.Object, java.lang.Object, java.lang.Object, java.lang.Object, java.lang
Event: 8819.677 Thread 0x000001b348fd4d70 Exception <a 'sun/nio/fs/WindowsException'{0x00000000c45c9088}> (0x00000000c45c9088) 
thrown [s\open\src\hotspot\share\prims\jni.cpp, line 520]

ZGC Phase Switch (0 events):
No events

VM Operations (20 events):
Event: 8818.299 Executing VM operation: Cleanup
Event: 8818.300 Executing VM operation: Cleanup done
Event: 8818.722 Executing VM operation: HandshakeAllThreads (Deoptimize)
Event: 8818.722 Executing VM operation: HandshakeAllThreads (Deoptimize) done
Event: 8818.822 Executing VM operation: HandshakeAllThreads (Deoptimize)
Event: 8818.822 Executing VM operation: HandshakeAllThreads (Deoptimize) done
Event: 8819.257 Executing VM operation: G1CollectForAllocation (G1 Evacuation Pause)
Event: 8819.268 Executing VM operation: G1CollectForAllocation (G1 Evacuation Pause) done
Event: 8819.639 Executing VM operation: HandshakeAllThreads (Deoptimize)
Event: 8819.639 Executing VM operation: HandshakeAllThreads (Deoptimize) done
Event: 8819.640 Executing VM operation: HandshakeAllThreads (Deoptimize)
Event: 8819.640 Executing VM operation: HandshakeAllThreads (Deoptimize) done
Event: 8819.678 Executing VM operation: HandshakeAllThreads (Deoptimize)
Event: 8819.678 Executing VM operation: HandshakeAllThreads (Deoptimize) done
Event: 8819.687 Executing VM operation: HandshakeAllThreads (Deoptimize)
Event: 8819.687 Executing VM operation: HandshakeAllThreads (Deoptimize) done
Event: 8819.690 Executing VM operation: HandshakeAllThreads (Deoptimize)
Event: 8819.690 Executing VM operation: HandshakeAllThreads (Deoptimize) done
Event: 8819.752 Executing VM operation: HandshakeAllThreads (Deoptimize)
Event: 8819.752 Executing VM operation: HandshakeAllThreads (Deoptimize) done

Events (20 events):
Event: 84.265 Thread 0x000001b34889fc60 Thread exited: 0x000001b34889fc60
Event: 85.078 Thread 0x000001b348fd6e40 Thread exited: 0x000001b348fd6e40
Event: 8817.768 Thread 0x000001b348fd46e0 Thread added: 0x000001b348fd46e0
Event: 8817.775 Thread 0x000001b348fd4050 Thread added: 0x000001b348fd4050
Event: 8817.813 Thread 0x000001b348fd2610 Thread added: 0x000001b348fd2610
Event: 8817.829 Thread 0x000001b348fd4d70 Thread added: 0x000001b348fd4d70
Event: 8817.886 Thread 0x000001b348fd6e40 Thread added: 0x000001b348fd6e40
Event: 8818.006 Thread 0x000001b348033210 Thread added: 0x000001b348033210
Event: 8818.007 Thread 0x000001b3480338a0 Thread added: 0x000001b3480338a0
Event: 8818.064 Thread 0x000001b3480352e0 Thread added: 0x000001b3480352e0
Event: 8818.065 Thread 0x000001b347bdc730 Thread added: 0x000001b347bdc730
Event: 8818.136 Thread 0x000001b347bd8590 Thread added: 0x000001b347bd8590
Event: 8818.177 Thread 0x000001b347bd9fd0 Thread added: 0x000001b347bd9fd0
Event: 8818.204 Thread 0x000001b347bdc730 Thread exited: 0x000001b347bdc730
Event: 8818.245 Thread 0x000001b347bd7870 Thread added: 0x000001b347bd7870
Event: 8818.269 Thread 0x000001b347bde170 Thread added: 0x000001b347bde170
Event: 8818.285 Thread 0x000001b347bd8c20 Thread added: 0x000001b347bd8c20
Event: 8819.180 Thread 0x000001b347bd7f00 Thread added: 0x000001b347bd7f00
Event: 8819.784 Thread 0x000001b37f76b460 Thread added: 0x000001b37f76b460
Event: 8819.802 Thread 0x000001b37f76c8d0 Thread added: 0x000001b37f76c8d0


Dynamic libraries:
0x00007ff677fd0000 - 0x00007ff677fe0000 	C:\Program Files\Java\jdk-21\bin\java.exe
0x00007fff254b0000 - 0x00007fff256c7000 	C:\WINDOWS\SYSTEM32\ntdll.dll
0x00007fff24420000 - 0x00007fff244e4000 	C:\WINDOWS\System32\KERNEL32.DLL
0x00007fff22b60000 - 0x00007fff22f32000 	C:\WINDOWS\System32\KERNELBASE.dll
0x00007fff22790000 - 0x00007fff228a1000 	C:\WINDOWS\System32\ucrtbase.dll
0x00007fff1e130000 - 0x00007fff1e149000 	C:\Program Files\Java\jdk-21\bin\jli.dll
0x00007fff1e110000 - 0x00007fff1e12b000 	C:\Program Files\Java\jdk-21\bin\VCRUNTIME140.dll
0x00007fff244f0000 - 0x00007fff245a1000 	C:\WINDOWS\System32\ADVAPI32.dll
0x00007fff23cc0000 - 0x00007fff23d67000 	C:\WINDOWS\System32\msvcrt.dll
0x00007fff23220000 - 0x00007fff232c8000 	C:\WINDOWS\System32\sechost.dll
0x00007fff22fe0000 - 0x00007fff23008000 	C:\WINDOWS\System32\bcrypt.dll
0x00007fff23ba0000 - 0x00007fff23cb4000 	C:\WINDOWS\System32\RPCRT4.dll
0x00007fff251a0000 - 0x00007fff25351000 	C:\WINDOWS\System32\USER32.dll
0x00007fff22660000 - 0x00007fff22686000 	C:\WINDOWS\System32\win32u.dll
0x00007fff217e0000 - 0x00007fff21a7b000 	C:\WINDOWS\WinSxS\amd64_microsoft.windows.common-controls_6595b64144ccf1df_6.0.22621.5547_none_27104afb73855772\COMCTL32.dll
0x00007fff245b0000 - 0x00007fff245d9000 	C:\WINDOWS\System32\GDI32.dll
0x00007fff23010000 - 0x00007fff23133000 	C:\WINDOWS\System32\gdi32full.dll
0x00007fff22f40000 - 0x00007fff22fda000 	C:\WINDOWS\System32\msvcp_win.dll
0x00007fff20bf0000 - 0x00007fff20bfa000 	C:\WINDOWS\SYSTEM32\VERSION.dll
0x00007fff24170000 - 0x00007fff241a1000 	C:\WINDOWS\System32\IMM32.DLL
0x00007fff1e100000 - 0x00007fff1e10c000 	C:\Program Files\Java\jdk-21\bin\vcruntime140_1.dll
0x00007fff1e070000 - 0x00007fff1e0fe000 	C:\Program Files\Java\jdk-21\bin\msvcp140.dll
0x00007ffed59e0000 - 0x00007ffed66f8000 	C:\Program Files\Java\jdk-21\bin\server\jvm.dll
0x00007fff23140000 - 0x00007fff231b1000 	C:\WINDOWS\System32\WS2_32.dll
0x00007fff21eb0000 - 0x00007fff21efd000 	C:\WINDOWS\SYSTEM32\POWRPROF.dll
0x00007fff1c330000 - 0x00007fff1c364000 	C:\WINDOWS\SYSTEM32\WINMM.dll
0x00007fff21d60000 - 0x00007fff21d73000 	C:\WINDOWS\SYSTEM32\UMPDC.dll
0x00007fff20710000 - 0x00007fff20728000 	C:\WINDOWS\SYSTEM32\kernel.appcore.dll
0x00007fff1e060000 - 0x00007fff1e06a000 	C:\Program Files\Java\jdk-21\bin\jimage.dll
0x00007fff21f00000 - 0x00007fff22133000 	C:\WINDOWS\SYSTEM32\DBGHELP.DLL
0x00007fff23370000 - 0x00007fff23703000 	C:\WINDOWS\System32\combase.dll
0x00007fff23f10000 - 0x00007fff23fe7000 	C:\WINDOWS\System32\OLEAUT32.dll
0x00007fff21d80000 - 0x00007fff21db2000 	C:\WINDOWS\SYSTEM32\dbgcore.DLL
0x00007fff22710000 - 0x00007fff2278b000 	C:\WINDOWS\System32\bcryptPrimitives.dll
0x00007fff1e050000 - 0x00007fff1e05f000 	C:\Program Files\Java\jdk-21\bin\instrument.dll
0x00007fff1e030000 - 0x00007fff1e04f000 	C:\Program Files\Java\jdk-21\bin\java.dll
0x00007fff24700000 - 0x00007fff24fa2000 	C:\WINDOWS\System32\SHELL32.dll
0x00007fff22a20000 - 0x00007fff22b5f000 	C:\WINDOWS\System32\wintypes.dll
0x00007fff1f580000 - 0x00007fff1fe9d000 	C:\WINDOWS\SYSTEM32\windows.storage.dll
0x00007fff24310000 - 0x00007fff2441c000 	C:\WINDOWS\System32\SHCORE.dll
0x00007fff24690000 - 0x00007fff246f9000 	C:\WINDOWS\System32\shlwapi.dll
0x00007fff224d0000 - 0x00007fff224fb000 	C:\WINDOWS\SYSTEM32\profapi.dll
0x00007fff1de70000 - 0x00007fff1df47000 	C:\Program Files\Java\jdk-21\bin\jsvml.dll
0x00007fff1e010000 - 0x00007fff1e028000 	C:\Program Files\Java\jdk-21\bin\zip.dll
0x00007fff1e000000 - 0x00007fff1e010000 	C:\Program Files\Java\jdk-21\bin\net.dll
0x00007fff1d660000 - 0x00007fff1d78c000 	C:\WINDOWS\SYSTEM32\WINHTTP.dll
0x00007fff20b00000 - 0x00007fff20b69000 	C:\WINDOWS\system32\mswsock.dll
0x00007fff1dfe0000 - 0x00007fff1dff6000 	C:\Program Files\Java\jdk-21\bin\nio.dll
0x00007fff1dfd0000 - 0x00007fff1dfe0000 	C:\Program Files\Java\jdk-21\bin\verify.dll
0x00007fff12a30000 - 0x00007fff12a57000 	D:\.gradle\native\c067742578af261105cb4f569cf0c3c89f3d7b1fecec35dd04571415982c5e48\windows-amd64\native-platform.dll
0x00007ffeddcd0000 - 0x00007ffedde14000 	D:\.gradle\native\100fb08df4bc3b14c8652ba06237920a3bd2aa13389f12d3474272988ae205f9\windows-amd64\native-platform-file-events.dll
0x00007fff1dfc0000 - 0x00007fff1dfca000 	C:\Program Files\Java\jdk-21\bin\management.dll
0x00007fff1dfb0000 - 0x00007fff1dfbb000 	C:\Program Files\Java\jdk-21\bin\management_ext.dll
0x00007fff23ff0000 - 0x00007fff23ff8000 	C:\WINDOWS\System32\PSAPI.DLL
0x00007fff22240000 - 0x00007fff2225b000 	C:\WINDOWS\SYSTEM32\CRYPTSP.dll
0x00007fff20670000 - 0x00007fff206a7000 	C:\WINDOWS\system32\rsaenh.dll
0x00007fff215c0000 - 0x00007fff215e8000 	C:\WINDOWS\SYSTEM32\USERENV.dll
0x00007fff21600000 - 0x00007fff2160c000 	C:\WINDOWS\SYSTEM32\CRYPTBASE.dll
0x00007fff20170000 - 0x00007fff2019d000 	C:\WINDOWS\SYSTEM32\IPHLPAPI.DLL
0x00007fff24050000 - 0x00007fff24059000 	C:\WINDOWS\System32\NSI.dll
0x00007fff1dfa0000 - 0x00007fff1dfa9000 	C:\Program Files\Java\jdk-21\bin\extnet.dll
0x00007fff1df90000 - 0x00007fff1df9e000 	C:\Program Files\Java\jdk-21\bin\sunmscapi.dll
0x00007fff228b0000 - 0x00007fff22a17000 	C:\WINDOWS\System32\CRYPT32.dll
0x00007fff217b0000 - 0x00007fff217dd000 	C:\WINDOWS\SYSTEM32\ncrypt.dll
0x00007fff21770000 - 0x00007fff217a7000 	C:\WINDOWS\SYSTEM32\NTASN1.dll
0x00007fff1af40000 - 0x00007fff1af48000 	C:\WINDOWS\system32\wshunix.dll

dbghelp: loaded successfully - version: 4.0.5 - missing functions: none
symbol engine: initialized successfully - sym options: 0x614 - pdb path: .;C:\Program Files\Java\jdk-21\bin;C:\WINDOWS\SYSTEM32;C:\WINDOWS\WinSxS\amd64_microsoft.windows.common-controls_6595b64144ccf1df_6.0.22621.5547_none_27104afb73855772;C:\Program Files\Java\jdk-21\bin\server;D:\.gradle\native\c067742578af261105cb4f569cf0c3c89f3d7b1fecec35dd04571415982c5e48\windows-amd64;D:\.gradle\native\100fb08df4bc3b14c8652ba06237920a3bd2aa13389f12d3474272988ae205f9\windows-amd64

VM Arguments:
jvm_args: --add-opens=java.base/java.util=ALL-UNNAMED --add-opens=java.base/java.lang=ALL-UNNAMED --add-opens=java.base/java.lang.invoke=ALL-UNNAMED --add-opens=java.prefs/java.util.prefs=ALL-UNNAMED --add-exports=jdk.compiler/com.sun.tools.javac.api=ALL-UNNAMED --add-exports=jdk.compiler/com.sun.tools.javac.util=ALL-UNNAMED --add-opens=java.base/java.nio.charset=ALL-UNNAMED --add-opens=java.base/java.net=ALL-UNNAMED --add-opens=java.base/java.util.concurrent.atomic=ALL-UNNAMED -Xmx1G -Dfile.encoding=GBK -Duser.country=CN -Duser.language=zh -Duser.variant -javaagent:D:\.gradle\wrapper\dists\gradle-8.10-bin\deqhafrv1ntovfmgh0nh3npr9\gradle-8.10\lib\agents\gradle-instrumentation-agent-8.10.jar 
java_command: org.gradle.launcher.daemon.bootstrap.GradleDaemon 8.10
java_class_path (initial): D:\.gradle\wrapper\dists\gradle-8.10-bin\deqhafrv1ntovfmgh0nh3npr9\gradle-8.10\lib\gradle-daemon-main-8.10.jar
Launcher Type: SUN_STANDARD

[Global flags]
     intx CICompilerCount                          = 4                                         {product} {ergonomic}
     uint ConcGCThreads                            = 3                                         {product} {ergonomic}
     uint G1ConcRefinementThreads                  = 10                                        {product} {ergonomic}
   size_t G1HeapRegionSize                         = 1048576                                   {product} {ergonomic}
    uintx GCDrainStackTargetSize                   = 64                                        {product} {ergonomic}
   size_t InitialHeapSize                          = 257949696                                 {product} {ergonomic}
   size_t MarkStackSize                            = 4194304                                   {product} {ergonomic}
   size_t MaxHeapSize                              = 1073741824                                {product} {command line}
   size_t MaxNewSize                               = 643825664                                 {product} {ergonomic}
   size_t MinHeapDeltaBytes                        = 1048576                                   {product} {ergonomic}
   size_t MinHeapSize                              = 8388608                                   {product} {ergonomic}
    uintx NonNMethodCodeHeapSize                   = 5839372                                {pd product} {ergonomic}
    uintx NonProfiledCodeHeapSize                  = 122909434                              {pd product} {ergonomic}
    uintx ProfiledCodeHeapSize                     = 122909434                              {pd product} {ergonomic}
    uintx ReservedCodeCacheSize                    = 251658240                              {pd product} {ergonomic}
     bool SegmentedCodeCache                       = true                                      {product} {ergonomic}
   size_t SoftMaxHeapSize                          = 1073741824                             {manageable} {ergonomic}
     bool UseCompressedOops                        = true                           {product lp64_product} {ergonomic}
     bool UseG1GC                                  = true                                      {product} {ergonomic}
     bool UseLargePagesIndividualAllocation        = false                                  {pd product} {ergonomic}

Logging:
Log output configuration:
 #0: stdout all=warning uptime,level,tags foldmultilines=false
 #1: stderr all=off uptime,level,tags foldmultilines=false

Environment Variables:
JAVA_HOME=C:\Program Files\Java\jdk-21
PATH=C:\Program Files\Common Files\Oracle\Java\javapath;C:\Program Files (x86)\Common Files\Oracle\Java\java8path;C:\Program Files (x86)\Common Files\Oracle\Java\javapath;%PATH%;D:\Android\Sdk\platforms\android-34;D:\Android\Sdk\platform-tools;D:\Android\Sdk\build-tools\34.0.0;C:\Program Files\dotnet\;C:\Program Files\nodejs\;C:\ProgramData\chocolatey\bin;D:\Git\cmd;C:\Users\yizhe\AppData\Local\Programs\Python\Python310\Scripts\;C:\Users\yizhe\AppData\Local\Programs\Python\Python310\;C:\Users\yizhe\AppData\Local\Microsoft\WindowsApps;D:\IJ\IntelliJ IDEA Community Edition 2022.1.3\bin;;D:\Cmake\bin;C:\Users\yizhe\.dotnet\tools;C:\Users\yizhe\AppData\Local\Programs\Microsoft VS Code\bin;D:\Android\Sdk\build-tools\34.0.0\d8.bat;C:\Users\yizhe\AppData\Roaming\npm;D:\MikTex\miktex\bin\x64\
USERNAME=yizhe
OS=Windows_NT
PROCESSOR_IDENTIFIER=AMD64 Family 23 Model 104 Stepping 1, AuthenticAMD
TMP=C:\Users\yizhe\AppData\Local\Temp
TEMP=C:\Users\yizhe\AppData\Local\Temp




Periodic native trim disabled

---------------  S Y S T E M  ---------------

OS:
 Windows 11 , 64 bit Build 22621 (10.0.22621.5415)
OS uptime: 1 days 3:06 hours

CPU: total 12 (initial active 12) (12 cores per cpu, 2 threads per core) family 23 model 104 stepping 1 microcode 0x0, cx8, cmov, fxsr, ht, mmx, 3dnowpref, sse, sse2, sse3, ssse3, sse4a, sse4.1, sse4.2, popcnt, lzcnt, tsc, tscinvbit, avx, avx2, aes, clmul, bmi1, bmi2, adx, sha, fma, vzeroupper, clflush, clflushopt, rdtscp, rdpid, f16c
Processor Information for all 12 processors :
  Max Mhz: 2100, Current Mhz: 2100, Mhz Limit: 2100

Memory: 4k page, system-wide physical 15706M (2275M free)
TotalPageFile size 27480M (AvailPageFile size 0M)
current process WorkingSet (physical memory assigned to process): 212M, peak: 274M
current process commit charge ("private bytes"): 304M, peak: 441M

vm_info: Java HotSpot(TM) 64-Bit Server VM (21.0.5+9-LTS-239) for windows-amd64 JRE (21.0.5+9-LTS-239), built on 2024-09-30T05:17:38Z by "mach5one" with MS VC++ 17.6 (VS2022)

END.
